Build started 25-10-2014 15:49:12.
     1>Project "C:\Users\TD\Documents\GitHub\Dictionary-Program\Eindopdracht\Eindopdracht.vcxproj" on node 2 (Build target(s)).
     1>ClCompile:
         D:\Program Files (x86)\Microsoft Visual Studio 12.0\VC\bin\CL.exe /c /ZI /nologo /W3 /WX- /sdl /Od /Oy- /D WIN32 /D _DEBUG /D _CONSOLE /D _LIB /D _UNICODE /D UNICODE /Gm /EHsc /RTC1 /MDd /GS /fp:precise /Zc:wchar_t /Zc:forScope /Fo"Debug\\" /Fd"Debug\vc120.pdb" /Gd /TC /analyze- /errorReport:prompt dictionaryadd.c
         dictionaryadd.c
     1>c:\users\td\documents\github\dictionary-program\eindopdracht\dictionaryadd.c(18): warning C4013: 'realloc' undefined; assuming extern returning int
     1>c:\users\td\documents\github\dictionary-program\eindopdracht\dictionaryadd.c(20): warning C4013: 'strcpy' undefined; assuming extern returning int
     1>c:\users\td\documents\github\dictionary-program\eindopdracht\dictionaryadd.c(21): warning C4013: 'strcat' undefined; assuming extern returning int
     1>c:\users\td\documents\github\dictionary-program\eindopdracht\dictionaryadd.c(46): warning C4047: '!=' : 'int' differs in levels of indirection from 'void *'
     1>c:\users\td\documents\github\dictionary-program\eindopdracht\dictionaryadd.c(57): warning C4018: '<' : signed/unsigned mismatch
     1>c:\users\td\documents\github\dictionary-program\eindopdracht\dictionaryadd.c(74): warning C4047: 'return' : 'int' differs in levels of indirection from 'char *'
       Link:
         D:\Program Files (x86)\Microsoft Visual Studio 12.0\VC\bin\link.exe /ERRORREPORT:PROMPT /OUT:"C:\Users\TD\Documents\GitHub\Dictionary-Program\Debug\Eindopdracht.exe" /INCREMENTAL /NOLOGO kernel32.lib user32.lib gdi32.lib winspool.lib comdlg32.lib advapi32.lib shell32.lib ole32.lib oleaut32.lib uuid.lib odbc32.lib odbccp32.lib /MANIFEST /MANIFESTUAC:"level='asInvoker' uiAccess='false'" /manifest:embed /DEBUG /PDB:"C:\Users\TD\Documents\GitHub\Dictionary-Program\Debug\Eindopdracht.pdb" /SUBSYSTEM:CONSOLE /TLBID:1 /DYNAMICBASE /NXCOMPAT /IMPLIB:"C:\Users\TD\Documents\GitHub\Dictionary-Program\Debug\Eindopdracht.lib" /MACHINE:X86 Debug\dictionary.obj
         Debug\dictionaryadd.obj
         Debug\dictionarysearch.obj
         Debug\main.obj
         Debug\util.obj
         Eindopdracht.vcxproj -> C:\Users\TD\Documents\GitHub\Dictionary-Program\Debug\Eindopdracht.exe
     1>Done Building Project "C:\Users\TD\Documents\GitHub\Dictionary-Program\Eindopdracht\Eindopdracht.vcxproj" (Build target(s)).

Build succeeded.

Time Elapsed 00:00:00.70
